<?xml version="1.0" encoding="UTF-8"?>
<!-- Generated by org.testng.reporters.JUnitXMLReporter -->
<testsuite hostname="ASDA0024" name="Default test" tests="3" failures="0" timestamp="20 Jul 2018 10:54:22 GMT" time="31.671" errors="0">
  <testcase name="Step1_isLoginPageOpen" time="4.168" classname="com.qait.acs.tests.BaseTest"/>
  <testcase name="Step2_verifyThatTimeSheetIsOpen" time="20.343" classname="com.qait.acs.tests.BaseTest"/>
  <testcase name="Step3_verifyFirstName" time="1.583" classname="com.qait.acs.tests.BaseTest"/>
</testsuite> <!-- Default test -->
